#
# There is insufficient memory for the Java Runtime Environment to continue.
# Native memory allocation (malloc) failed to allocate 32744 bytes. Error detail: Chunk::new
# Possible reasons:
#   The system is out of physical RAM or swap space
#   This process is running with CompressedOops enabled, and the Java Heap may be blocking the growth of the native heap
# Possible solutions:
#   Reduce memory load on the system
#   Increase physical memory or swap space
#   Check if swap backing store is full
#   Decrease Java heap size (-Xmx/-Xms)
#   Decrease number of Java threads
#   Decrease Java thread stack sizes (-Xss)
#   Set larger code cache with -XX:ReservedCodeCacheSize=
#   JVM is running with Unscaled Compressed Oops mode in which the Java heap is
#     placed in the first 4GB address space. The Java Heap base address is the
#     maximum limit for the native heap growth. Please use -XX:HeapBaseMinAddress
#     to set the Java Heap base and to place the Java Heap above 4GB virtual address.
# This output file may be truncated or incomplete.
#
#  Out of Memory Error (arena.cpp:168), pid=7196, tid=1860
#
# JRE version: OpenJDK Runtime Environment Temurin-21.0.9+10 (21.0.9+10) (build 21.0.9+10-LTS)
# Java VM: OpenJDK 64-Bit Server VM Temurin-21.0.9+10 (21.0.9+10-LTS, mixed mode, sharing, tiered, compressed oops, compressed class ptrs, parallel gc, windows-amd64)
# No core dump will be written. Minidumps are not enabled by default on client versions of Windows
#

---------------  S U M M A R Y ------------

Command Line: --add-modules=ALL-SYSTEM --add-opens=java.base/java.util=ALL-UNNAMED --add-opens=java.base/java.lang=ALL-UNNAMED --add-opens=java.base/sun.nio.fs=ALL-UNNAMED -Declipse.application=org.eclipse.jdt.ls.core.id1 -Dosgi.bundles.defaultStartLevel=4 -Declipse.product=org.eclipse.jdt.ls.core.product -Djava.import.generatesMetadataFilesAtProjectRoot=false -DDetectVMInstallationsJob.disabled=true -Dfile.encoding=utf8 -XX:+UseParallelGC -XX:GCTimeRatio=4 -XX:AdaptiveSizePolicyWeight=90 -Dsun.zip.disableMemoryMapping=true -Xmx2G -Xms100m -Xlog:disable -javaagent:c:\Users\Admin\.vscode\extensions\redhat.java-1.51.0-win32-x64\lombok\lombok-1.18.39-4050.jar c:\Users\Admin\.vscode\extensions\redhat.java-1.51.0-win32-x64\server\plugins\org.eclipse.equinox.launcher_1.7.100.v20251111-0406.jar -configuration c:\Users\Admin\AppData\Roaming\Code\User\globalStorage\redhat.java\1.51.0\config_ss_win -data c:\Users\Admin\AppData\Roaming\Code\User\workspaceStorage\f005668bbace2906ffe21ad9569d2f6b\redhat.java\ss_ws --pipe=\\.\pipe\lsp-24cc68b831c947b3aa8ae7526551cb36-sock

Host: Intel(R) Core(TM) i5-7300U CPU @ 2.60GHz, 4 cores, 7G,  Windows 10 , 64 bit Build 19041 (10.0.19041.5915)
Time: Wed Jan 14 14:05:21 2026 SE Asia Standard Time elapsed time: 5.577867 seconds (0d 0h 0m 5s)

---------------  T H R E A D  ---------------

Current thread (0x00000188fd70c7d0):  JavaThread "C2 CompilerThread0" daemon [_thread_in_native, id=1860, stack(0x0000000e6dc00000,0x0000000e6dd00000) (1024K)]


Current CompileTask:
C2:5577 2614       4       org.lombokweb.asm.ClassReader::readUtf (44 bytes)

Stack: [0x0000000e6dc00000,0x0000000e6dd00000]
Native frames: (J=compiled Java code, j=interpreted, Vv=VM code, C=native code)
V  [jvm.dll+0x6d6e29]
V  [jvm.dll+0x8b4b76]
V  [jvm.dll+0x8b712e]
V  [jvm.dll+0x8b7813]
V  [jvm.dll+0x283d86]
V  [jvm.dll+0xc66ed]
V  [jvm.dll+0xc6c31]
V  [jvm.dll+0x65ecbd]
V  [jvm.dll+0x65ee4b]
V  [jvm.dll+0x65ee4b]
V  [jvm.dll+0x664b1b]
V  [jvm.dll+0x665b16]
V  [jvm.dll+0x663e5b]
V  [jvm.dll+0x24be1b]
V  [jvm.dll+0x24b580]
V  [jvm.dll+0x1cb13e]
V  [jvm.dll+0x25b29d]
V  [jvm.dll+0x25982a]
V  [jvm.dll+0x3f7ea6]
V  [jvm.dll+0x85e9ad]
V  [jvm.dll+0x6d565d]
C  [ucrtbase.dll+0x21bb2]
C  [KERNEL32.DLL+0x17374]
C  [ntdll.dll+0x4cc91]


---------------  P R O C E S S  ---------------

Threads class SMR info:
_java_thread_list=0x00000188fee95320, length=20, elements={
0x00000188e6d21b60, 0x00000188e6dee600, 0x00000188fd704ff0, 0x00000188fd707a50,
0x00000188fd70a5b0, 0x00000188fd70b000, 0x00000188fd70ba50, 0x00000188fd70c7d0,
0x00000188fd780f80, 0x00000188fe4d2e90, 0x00000188fe648780, 0x00000188fec57ef0,
0x00000188fecb8560, 0x00000188fec75740, 0x00000188fecd1710, 0x00000188fef68090,
0x00000188c53c9210, 0x00000188c53c2830, 0x00000188c517c520, 0x00000188c51d2030
}

Java Threads: ( => current thread )
  0x00000188e6d21b60 JavaThread "main"                              [_thread_blocked, id=13004, stack(0x0000000e6d200000,0x0000000e6d300000) (1024K)]
  0x00000188e6dee600 JavaThread "Reference Handler"          daemon [_thread_blocked, id=1316, stack(0x0000000e6d600000,0x0000000e6d700000) (1024K)]
  0x00000188fd704ff0 JavaThread "Finalizer"                  daemon [_thread_blocked, id=16912, stack(0x0000000e6d700000,0x0000000e6d800000) (1024K)]
  0x00000188fd707a50 JavaThread "Signal Dispatcher"          daemon [_thread_blocked, id=13744, stack(0x0000000e6d800000,0x0000000e6d900000) (1024K)]
  0x00000188fd70a5b0 JavaThread "Attach Listener"            daemon [_thread_blocked, id=17044, stack(0x0000000e6d900000,0x0000000e6da00000) (1024K)]
  0x00000188fd70b000 JavaThread "Service Thread"             daemon [_thread_blocked, id=6760, stack(0x0000000e6da00000,0x0000000e6db00000) (1024K)]
  0x00000188fd70ba50 JavaThread "Monitor Deflation Thread"   daemon [_thread_blocked, id=13848, stack(0x0000000e6db00000,0x0000000e6dc00000) (1024K)]
=>0x00000188fd70c7d0 JavaThread "C2 CompilerThread0"         daemon [_thread_in_native, id=1860, stack(0x0000000e6dc00000,0x0000000e6dd00000) (1024K)]
  0x00000188fd780f80 JavaThread "C1 CompilerThread0"         daemon [_thread_in_native, id=10116, stack(0x0000000e6dd00000,0x0000000e6de00000) (1024K)]
  0x00000188fe4d2e90 JavaThread "Common-Cleaner"             daemon [_thread_blocked, id=1892, stack(0x0000000e6de00000,0x0000000e6df00000) (1024K)]
  0x00000188fe648780 JavaThread "Notification Thread"        daemon [_thread_blocked, id=16108, stack(0x0000000e6df00000,0x0000000e6e000000) (1024K)]
  0x00000188fec57ef0 JavaThread "Active Thread: Equinox Container: df85d733-dfa9-4019-90eb-e9ed4a060ad4"        [_thread_blocked, id=928, stack(0x0000000e6e400000,0x0000000e6e500000) (1024K)]
  0x00000188fecb8560 JavaThread "Framework Event Dispatcher: Equinox Container: df85d733-dfa9-4019-90eb-e9ed4a060ad4" daemon [_thread_blocked, id=14492, stack(0x0000000e6e000000,0x0000000e6e100000) (1024K)]
  0x00000188fec75740 JavaThread "Start Level: Equinox Container: df85d733-dfa9-4019-90eb-e9ed4a060ad4" daemon [_thread_in_vm, id=13444, stack(0x0000000e6e500000,0x0000000e6e600000) (1024K)]
  0x00000188fecd1710 JavaThread "SCR Component Actor"        daemon [_thread_blocked, id=8748, stack(0x0000000e6e600000,0x0000000e6e700000) (1024K)]
  0x00000188fef68090 JavaThread "Worker-JM"                         [_thread_blocked, id=17136, stack(0x0000000e6e800000,0x0000000e6e900000) (1024K)]
  0x00000188c53c9210 JavaThread "C2 CompilerThread1"         daemon [_thread_in_native, id=17200, stack(0x0000000e6e700000,0x0000000e6e800000) (1024K)]
  0x00000188c53c2830 JavaThread "JNA Cleaner"                daemon [_thread_blocked, id=15816, stack(0x0000000e6e900000,0x0000000e6ea00000) (1024K)]
  0x00000188c517c520 JavaThread "Worker-0"                          [_thread_blocked, id=16988, stack(0x0000000e6ea00000,0x0000000e6eb00000) (1024K)]
  0x00000188c51d2030 JavaThread "Worker-1"                          [_thread_blocked, id=3140, stack(0x0000000e6eb00000,0x0000000e6ec00000) (1024K)]
Total: 20

Other Threads:
  0x00000188e6dde620 VMThread "VM Thread"                           [id=13472, stack(0x0000000e6d500000,0x0000000e6d600000) (1024K)]
  0x00000188e6d8c290 WatcherThread "VM Periodic Task Thread"        [id=16088, stack(0x0000000e6d400000,0x0000000e6d500000) (1024K)]
  0x00000188e6d3f310 WorkerThread "GC Thread#0"                     [id=5884, stack(0x0000000e6d300000,0x0000000e6d400000) (1024K)]
  0x00000188fe8b69c0 WorkerThread "GC Thread#1"                     [id=848, stack(0x0000000e6e100000,0x0000000e6e200000) (1024K)]
  0x00000188fe8b6d60 WorkerThread "GC Thread#2"                     [id=13532, stack(0x0000000e6e200000,0x0000000e6e300000) (1024K)]
  0x00000188fe8b7100 WorkerThread "GC Thread#3"                     [id=13468, stack(0x0000000e6e300000,0x0000000e6e400000) (1024K)]
Total: 6

Threads with active compile tasks:
C2 CompilerThread0  5627 2614       4       org.lombokweb.asm.ClassReader::readUtf (44 bytes)
C1 CompilerThread0  5628 2622       3       org.lombokweb.asm.ClassReader::readMethod (1070 bytes)
C2 CompilerThread1  5628 2589       4       java.lang.invoke.MethodType::makeImpl (109 bytes)
Total: 3

VM state: not at safepoint (normal execution)

VM Mutex/Monitor currently owned by a thread:  ([mutex/lock_event])
[0x00007ffeaf6fb4f0] Metaspace_lock - owner thread: 0x00000188fec75740

Heap address: 0x0000000080000000, size: 2048 MB, Compressed Oops mode: 32-bit

CDS archive(s) mapped at: [0x0000018880000000-0x0000018880ba0000-0x0000018880ba0000), size 12189696, SharedBaseAddress: 0x0000018880000000, ArchiveRelocationMode: 1.
Compressed class space mapped at: 0x0000018881000000-0x00000188c1000000, reserved size: 1073741824
Narrow klass base: 0x0000018880000000, Narrow klass shift: 0, Narrow klass range: 0x100000000

GC Precious Log:
 CardTable entry size: 512
 CPUs: 4 total, 4 available
 Memory: 8067M
 Large Page Support: Disabled
 NUMA Support: Disabled
 Compressed Oops: Enabled (32-bit)
 Alignments: Space 512K, Generation 512K, Heap 2M
 Heap Min Capacity: 100M
 Heap Initial Capacity: 100M
 Heap Max Capacity: 2G
 Pre-touch: Disabled
 Parallel Workers: 4

Heap:
 PSYoungGen      total 29696K, used 29104K [0x00000000d5580000, 0x00000000d7680000, 0x0000000100000000)
  eden space 25600K, 97% used [0x00000000d5580000,0x00000000d6dedaa8,0x00000000d6e80000)
  from space 4096K, 99% used [0x00000000d6e80000,0x00000000d727e748,0x00000000d7280000)
  to   space 4096K, 0% used [0x00000000d7280000,0x00000000d7280000,0x00000000d7680000)
 ParOldGen       total 68608K, used 2873K [0x0000000080000000, 0x0000000084300000, 0x00000000d5580000)
  object space 68608K, 4% used [0x0000000080000000,0x00000000802ce738,0x0000000084300000)
 Metaspace       used 16802K, committed 17408K, reserved 1114112K
  class space    used 1761K, committed 2048K, reserved 1048576K

Card table byte_map: [0x00000188e6700000,0x00000188e6b10000] _byte_map_base: 0x00000188e6300000

Marking Bits: (ParMarkBitMap*) 0x00007ffeaf702460
 Begin Bits: [0x00000188f91e0000, 0x00000188fb1e0000)
 End Bits:   [0x00000188fb1e0000, 0x00000188fd1e0000)

Polling page: 0x00000188e64f0000

Metaspace:

Usage:
  Non-class:     14.69 MB used.
      Class:      1.72 MB used.
       Both:     16.41 MB used.

Virtual space:
  Non-class space:       64.00 MB reserved,      15.00 MB ( 23%) committed,  1 nodes.
      Class space:        1.00 GB reserved,       2.00 MB ( <1%) committed,  1 nodes.
             Both:        1.06 GB reserved,      17.00 MB (  2%) committed. 

Chunk freelists:
   Non-Class:  560.00 KB
       Class:  13.85 MB
        Both:  14.39 MB

MaxMetaspaceSize: unlimited
CompressedClassSpaceSize: 1.00 GB
Initial GC threshold: 21.00 MB
Current GC threshold: 21.00 MB
CDS: on
 - commit_granule_bytes: 65536.
 - commit_granule_words: 8192.
 - virtual_space_node_default_size: 8388608.
 - enlarge_chunks_in_place: 1.
 - use_allocation_guard: 0.


Internal statistics:

num_allocs_failed_limit: 0.
num_arena_births: 504.
num_arena_deaths: 0.
num_vsnodes_births: 2.
num_vsnodes_deaths: 0.
num_space_committed: 272.
num_space_uncommitted: 0.
num_chunks_returned_to_freelist: 0.
num_chunks_taken_from_freelist: 1139.
num_chunk_merges: 0.
num_chunk_splits: 711.
num_chunks_enlarged: 444.
num_inconsistent_stats: 0.

CodeHeap 'non-profiled nmethods': size=120000Kb used=1146Kb max_used=1146Kb free=118853Kb
 bounds [0x00000188f1a00000, 0x00000188f1c70000, 0x00000188f8f30000]
CodeHeap 'profiled nmethods': size=120000Kb used=5011Kb max_used=5011Kb free=114988Kb
 bounds [0x00000188e9f30000, 0x00000188ea420000, 0x00000188f1460000]
CodeHeap 'non-nmethods': size=5760Kb used=1272Kb max_used=1297Kb free=4487Kb
 bounds [0x00000188f1460000, 0x00000188f16d0000, 0x00000188f1a00000]
CodeCache: size=245760Kb, used=7429Kb, max_used=7454Kb, free=238328Kb
 total_blobs=3166, nmethods=2616, adapters=456, full_count=0
Compilation: enabled, stopped_count=0, restarted_count=0

Compilation events (20 events):
Event: 5.550 Thread 0x00000188fd780f80 2611       3       java.lang.invoke.DirectMethodHandle::makeAllocator (137 bytes)
Event: 5.550 Thread 0x00000188fd780f80 nmethod 2611 0x00000188ea411b90 code [0x00000188ea411da0, 0x00000188ea412228]
Event: 5.550 Thread 0x00000188fd780f80 2612       3       java.lang.invoke.MemberName::asConstructor (58 bytes)
Event: 5.551 Thread 0x00000188fd780f80 nmethod 2612 0x00000188ea412490 code [0x00000188ea4126c0, 0x00000188ea412cc8]
Event: 5.554 Thread 0x00000188fd70c7d0 2613       4       java.util.HashSet::contains (9 bytes)
Event: 5.560 Thread 0x00000188fd70c7d0 nmethod 2613 0x00000188f1b1e090 code [0x00000188f1b1e260, 0x00000188f1b1e5e8]
Event: 5.564 Thread 0x00000188fd70c7d0 2614       4       org.lombokweb.asm.ClassReader::readUtf (44 bytes)
Event: 5.564 Thread 0x00000188fd780f80 2615       3       org.lombokweb.asm.SymbolTable$Entry::<init> (18 bytes)
Event: 5.565 Thread 0x00000188fd780f80 nmethod 2615 0x00000188ea412f10 code [0x00000188ea4130c0, 0x00000188ea413238]
Event: 5.565 Thread 0x00000188fd780f80 2616       3       java.util.regex.Pattern$$Lambda/0x800000031::is (9 bytes)
Event: 5.565 Thread 0x00000188fd780f80 nmethod 2616 0x00000188ea413310 code [0x00000188ea4134c0, 0x00000188ea413740]
Event: 5.565 Thread 0x00000188fd780f80 2617       3       java.util.regex.Pattern::lambda$negate$7 (16 bytes)
Event: 5.565 Thread 0x00000188fd780f80 nmethod 2617 0x00000188ea413810 code [0x00000188ea4139c0, 0x00000188ea413bc8]
Event: 5.565 Thread 0x00000188fd780f80 2618       3       org.lombokweb.asm.ByteVector::putByteArray (49 bytes)
Event: 5.566 Thread 0x00000188fd780f80 nmethod 2618 0x00000188ea413c90 code [0x00000188ea413e60, 0x00000188ea414128]
Event: 5.569 Thread 0x00000188fd780f80 2619       3       java.io.File::isFile (34 bytes)
Event: 5.570 Thread 0x00000188fd780f80 nmethod 2619 0x00000188ea414290 code [0x00000188ea414480, 0x00000188ea414888]
Event: 5.571 Thread 0x00000188fd780f80 2621       3       org.lombokweb.asm.ByteVector::<init> (13 bytes)
Event: 5.571 Thread 0x00000188fd780f80 nmethod 2621 0x00000188ea414a10 code [0x00000188ea414bc0, 0x00000188ea414de0]
Event: 5.571 Thread 0x00000188fd780f80 2622       3       org.lombokweb.asm.ClassReader::readMethod (1070 bytes)

GC Heap History (6 events):
Event: 1.932 GC heap before
{Heap before GC invocations=1 (full 0):
 PSYoungGen      total 29696K, used 25600K [0x00000000d5580000, 0x00000000d7680000, 0x0000000100000000)
  eden space 25600K, 100% used [0x00000000d5580000,0x00000000d6e80000,0x00000000d6e80000)
  from space 4096K, 0% used [0x00000000d7280000,0x00000000d7280000,0x00000000d7680000)
  to   space 4096K, 0% used [0x00000000d6e80000,0x00000000d6e80000,0x00000000d7280000)
 ParOldGen       total 68608K, used 0K [0x0000000080000000, 0x0000000084300000, 0x00000000d5580000)
  object space 68608K, 0% used [0x0000000080000000,0x0000000080000000,0x0000000084300000)
 Metaspace       used 4357K, committed 4608K, reserved 1114112K
  class space    used 474K, committed 576K, reserved 1048576K
}
Event: 1.944 GC heap after
{Heap after GC invocations=1 (full 0):
 PSYoungGen      total 29696K, used 3303K [0x00000000d5580000, 0x00000000d7680000, 0x0000000100000000)
  eden space 25600K, 0% used [0x00000000d5580000,0x00000000d5580000,0x00000000d6e80000)
  from space 4096K, 80% used [0x00000000d6e80000,0x00000000d71b9e98,0x00000000d7280000)
  to   space 4096K, 0% used [0x00000000d7280000,0x00000000d7280000,0x00000000d7680000)
 ParOldGen       total 68608K, used 8K [0x0000000080000000, 0x0000000084300000, 0x00000000d5580000)
  object space 68608K, 0% used [0x0000000080000000,0x0000000080002000,0x0000000084300000)
 Metaspace       used 4357K, committed 4608K, reserved 1114112K
  class space    used 474K, committed 576K, reserved 1048576K
}
Event: 3.640 GC heap before
{Heap before GC invocations=2 (full 0):
 PSYoungGen      total 29696K, used 28903K [0x00000000d5580000, 0x00000000d7680000, 0x0000000100000000)
  eden space 25600K, 100% used [0x00000000d5580000,0x00000000d6e80000,0x00000000d6e80000)
  from space 4096K, 80% used [0x00000000d6e80000,0x00000000d71b9e98,0x00000000d7280000)
  to   space 4096K, 0% used [0x00000000d7280000,0x00000000d7280000,0x00000000d7680000)
 ParOldGen       total 68608K, used 8K [0x0000000080000000, 0x0000000084300000, 0x00000000d5580000)
  object space 68608K, 0% used [0x0000000080000000,0x0000000080002000,0x0000000084300000)
 Metaspace       used 8157K, committed 8512K, reserved 1114112K
  class space    used 867K, committed 1024K, reserved 1048576K
}
Event: 3.649 GC heap after
{Heap after GC invocations=2 (full 0):
 PSYoungGen      total 29696K, used 4075K [0x00000000d5580000, 0x00000000d7680000, 0x0000000100000000)
  eden space 25600K, 0% used [0x00000000d5580000,0x00000000d5580000,0x00000000d6e80000)
  from space 4096K, 99% used [0x00000000d7280000,0x00000000d767aff8,0x00000000d7680000)
  to   space 4096K, 0% used [0x00000000d6e80000,0x00000000d6e80000,0x00000000d7280000)
 ParOldGen       total 68608K, used 1087K [0x0000000080000000, 0x0000000084300000, 0x00000000d5580000)
  object space 68608K, 1% used [0x0000000080000000,0x000000008010feb8,0x0000000084300000)
 Metaspace       used 8157K, committed 8512K, reserved 1114112K
  class space    used 867K, committed 1024K, reserved 1048576K
}
Event: 4.736 GC heap before
{Heap before GC invocations=3 (full 0):
 PSYoungGen      total 29696K, used 29675K [0x00000000d5580000, 0x00000000d7680000, 0x0000000100000000)
  eden space 25600K, 100% used [0x00000000d5580000,0x00000000d6e80000,0x00000000d6e80000)
  from space 4096K, 99% used [0x00000000d7280000,0x00000000d767aff8,0x00000000d7680000)
  to   space 4096K, 0% used [0x00000000d6e80000,0x00000000d6e80000,0x00000000d7280000)
 ParOldGen       total 68608K, used 1087K [0x0000000080000000, 0x0000000084300000, 0x00000000d5580000)
  object space 68608K, 1% used [0x0000000080000000,0x000000008010feb8,0x0000000084300000)
 Metaspace       used 13016K, committed 13568K, reserved 1114112K
  class space    used 1376K, committed 1600K, reserved 1048576K
}
Event: 4.742 GC heap after
{Heap after GC invocations=3 (full 0):
 PSYoungGen      total 29696K, used 4089K [0x00000000d5580000, 0x00000000d7680000, 0x0000000100000000)
  eden space 25600K, 0% used [0x00000000d5580000,0x00000000d5580000,0x00000000d6e80000)
  from space 4096K, 99% used [0x00000000d6e80000,0x00000000d727e748,0x00000000d7280000)
  to   space 4096K, 0% used [0x00000000d7280000,0x00000000d7280000,0x00000000d7680000)
 ParOldGen       total 68608K, used 2873K [0x0000000080000000, 0x0000000084300000, 0x00000000d5580000)
  object space 68608K, 4% used [0x0000000080000000,0x00000000802ce738,0x0000000084300000)
 Metaspace       used 13016K, committed 13568K, reserved 1114112K
  class space    used 1376K, committed 1600K, reserved 1048576K
}

Dll operation events (10 events):
Event: 0.013 Loaded shared library c:\Users\Admin\.vscode\extensions\redhat.java-1.51.0-win32-x64\jre\21.0.9-win32-x86_64\bin\java.dll
Event: 0.136 Loaded shared library c:\Users\Admin\.vscode\extensions\redhat.java-1.51.0-win32-x64\jre\21.0.9-win32-x86_64\bin\zip.dll
Event: 0.349 Loaded shared library C:\Users\Admin\.vscode\extensions\redhat.java-1.51.0-win32-x64\jre\21.0.9-win32-x86_64\bin\instrument.dll
Event: 0.359 Loaded shared library C:\Users\Admin\.vscode\extensions\redhat.java-1.51.0-win32-x64\jre\21.0.9-win32-x86_64\bin\net.dll
Event: 0.364 Loaded shared library C:\Users\Admin\.vscode\extensions\redhat.java-1.51.0-win32-x64\jre\21.0.9-win32-x86_64\bin\nio.dll
Event: 0.369 Loaded shared library C:\Users\Admin\.vscode\extensions\redhat.java-1.51.0-win32-x64\jre\21.0.9-win32-x86_64\bin\zip.dll
Event: 0.406 Loaded shared library C:\Users\Admin\.vscode\extensions\redhat.java-1.51.0-win32-x64\jre\21.0.9-win32-x86_64\bin\jimage.dll
Event: 0.570 Loaded shared library c:\Users\Admin\.vscode\extensions\redhat.java-1.51.0-win32-x64\jre\21.0.9-win32-x86_64\bin\verify.dll
Event: 3.591 Loaded shared library C:\Users\Admin\AppData\Roaming\Code\User\globalStorage\redhat.java\1.51.0\config_ss_win\org.eclipse.equinox.launcher\org.eclipse.equinox.launcher.win32.win32.x86_64_1.2.1400.v20250801-0854\eclipse_11916.dll
Event: 5.286 Loaded shared library C:\Users\Admin\AppData\Local\Temp\jna-63116079\jna10901583476321456844.dll

Deoptimization events (20 events):
Event: 5.225 Thread 0x00000188fec75740 DEOPT PACKING pc=0x00000188f1a38af0 sp=0x0000000e6e5f7a30
Event: 5.225 Thread 0x00000188fec75740 DEOPT UNPACKING pc=0x00000188f14b3aa2 sp=0x0000000e6e5f79a0 mode 2
Event: 5.352 Thread 0x00000188fec75740 DEOPT PACKING pc=0x00000188ea30b2d6 sp=0x0000000e6e5f7540
Event: 5.352 Thread 0x00000188fec75740 DEOPT UNPACKING pc=0x00000188f14b4242 sp=0x0000000e6e5f6a68 mode 0
Event: 5.362 Thread 0x00000188fec75740 Uncommon trap: trap_request=0xffffffde fr.pc=0x00000188f1b07cd0 relative=0x00000000000003b0
Event: 5.362 Thread 0x00000188fec75740 Uncommon trap: reason=class_check action=maybe_recompile pc=0x00000188f1b07cd0 method=java.io.FilterInputStream.read()I @ 4 c2
Event: 5.362 Thread 0x00000188fec75740 DEOPT PACKING pc=0x00000188f1b07cd0 sp=0x0000000e6e5f97f0
Event: 5.362 Thread 0x00000188fec75740 DEOPT UNPACKING pc=0x00000188f14b3aa2 sp=0x0000000e6e5f97a0 mode 2
Event: 5.381 Thread 0x00000188fec75740 Uncommon trap: trap_request=0xffffffcc fr.pc=0x00000188f1b0aa24 relative=0x0000000000000364
Event: 5.381 Thread 0x00000188fec75740 Uncommon trap: reason=intrinsic_or_type_checked_inlining action=make_not_entrant pc=0x00000188f1b0aa24 method=java.util.Arrays.copyOf([Ljava/lang/Object;ILjava/lang/Class;)[Ljava/lang/Object; @ 35 c2
Event: 5.381 Thread 0x00000188fec75740 DEOPT PACKING pc=0x00000188f1b0aa24 sp=0x0000000e6e5f9560
Event: 5.381 Thread 0x00000188fec75740 DEOPT UNPACKING pc=0x00000188f14b3aa2 sp=0x0000000e6e5f94f0 mode 2
Event: 5.418 Thread 0x00000188fec75740 Uncommon trap: trap_request=0xffffff45 fr.pc=0x00000188f1b129a8 relative=0x0000000000000088
Event: 5.418 Thread 0x00000188fec75740 Uncommon trap: reason=unstable_if action=reinterpret pc=0x00000188f1b129a8 method=java.lang.ref.SoftReference.get()Ljava/lang/Object; @ 6 c2
Event: 5.418 Thread 0x00000188fec75740 DEOPT PACKING pc=0x00000188f1b129a8 sp=0x0000000e6e5f9920
Event: 5.418 Thread 0x00000188fec75740 DEOPT UNPACKING pc=0x00000188f14b3aa2 sp=0x0000000e6e5f98b8 mode 2
Event: 5.545 Thread 0x00000188fec75740 Uncommon trap: trap_request=0xffffff45 fr.pc=0x00000188f1b0fc54 relative=0x0000000000000b94
Event: 5.545 Thread 0x00000188fec75740 Uncommon trap: reason=unstable_if action=reinterpret pc=0x00000188f1b0fc54 method=jdk.internal.org.objectweb.asm.Frame.execute(IILjdk/internal/org/objectweb/asm/Symbol;Ljdk/internal/org/objectweb/asm/SymbolTable;)V @ 1 c2
Event: 5.545 Thread 0x00000188fec75740 DEOPT PACKING pc=0x00000188f1b0fc54 sp=0x0000000e6e5f80f0
Event: 5.545 Thread 0x00000188fec75740 DEOPT UNPACKING pc=0x00000188f14b3aa2 sp=0x0000000e6e5f8078 mode 2

Classes loaded (20 events):
Event: 5.408 Loading class java/lang/ThreadDeath
Event: 5.408 Loading class java/lang/ThreadDeath done
Event: 5.424 Loading class java/util/stream/SortedOps$SizedRefSortingSink
Event: 5.424 Loading class java/util/stream/SortedOps$SizedRefSortingSink done
Event: 5.470 Loading class java/util/concurrent/atomic/Striped64$1
Event: 5.470 Loading class java/util/concurrent/atomic/Striped64$1 done
Event: 5.500 Loading class java/net/Authenticator
Event: 5.500 Loading class java/net/Authenticator done
Event: 5.509 Loading class java/net/SocketAddress
Event: 5.509 Loading class java/net/SocketAddress done
Event: 5.509 Loading class java/net/InetSocketAddress
Event: 5.510 Loading class java/net/InetSocketAddress done
Event: 5.510 Loading class java/nio/channels/AsynchronousByteChannel
Event: 5.510 Loading class java/nio/channels/AsynchronousChannel
Event: 5.510 Loading class java/nio/channels/AsynchronousChannel done
Event: 5.510 Loading class java/nio/channels/AsynchronousByteChannel done
Event: 5.548 Loading class java/util/Collections$UnmodifiableSortedSet
Event: 5.549 Loading class java/util/Collections$UnmodifiableSortedSet done
Event: 5.556 Loading class java/util/zip/GZIPInputStream
Event: 5.556 Loading class java/util/zip/GZIPInputStream done

Classes unloaded (0 events):
No events

Classes redefined (0 events):
No events

Internal exceptions (20 events):
Event: 5.315 Thread 0x00000188fec75740 Exception <a 'java/lang/NoSuchMethodError'{0x00000000d6441800}: 'void java.lang.invoke.DirectMethodHandle$Holder.invokeSpecial(java.lang.Object, java.lang.Object, java.lang.Object, int)'> (0x00000000d6441800) 
thrown [s\src\hotspot\share\interpreter\linkResolver.cpp, line 773]
Event: 5.315 Thread 0x00000188fec75740 Exception <a 'java/lang/NoSuchMethodError'{0x00000000d6445190}: 'void java.lang.invoke.DelegatingMethodHandle$Holder.reinvoke_L(java.lang.Object, java.lang.Object, int)'> (0x00000000d6445190) 
thrown [s\src\hotspot\share\interpreter\linkResolver.cpp, line 773]
Event: 5.316 Thread 0x00000188fec75740 Exception <a 'java/lang/NoSuchMethodError'{0x00000000d644be78}: 'int java.lang.invoke.Invokers$Holder.invokeExact_MT(java.lang.Object, java.lang.Object, java.lang.Object)'> (0x00000000d644be78) 
thrown [s\src\hotspot\share\interpreter\linkResolver.cpp, line 773]
Event: 5.354 Thread 0x00000188fec75740 Exception <a 'java/lang/NoSuchMethodError'{0x00000000d655e560}: 'void java.lang.invoke.Invokers$Holder.invokeExact_MT(java.lang.Object, java.lang.Object, int, java.lang.Object)'> (0x00000000d655e560) 
thrown [s\src\hotspot\share\interpreter\linkResolver.cpp, line 773]
Event: 5.391 Thread 0x00000188fec75740 Exception <a 'java/lang/NoSuchMethodError'{0x00000000d665a6f8}: 'java.lang.Object java.lang.invoke.DirectMethodHandle$Holder.invokeSpecial(java.lang.Object, java.lang.Object, java.lang.Object, long, java.lang.Object)'> (0x00000000d665a6f8) 
thrown [s\src\hotspot\share\interpreter\linkResolver.cpp, line 773]
Event: 5.392 Thread 0x00000188fec75740 Exception <a 'java/lang/NoSuchMethodError'{0x00000000d6661f40}: 'java.lang.Object java.lang.invoke.DirectMethodHandle$Holder.newInvokeSpecial(java.lang.Object, java.lang.Object, java.lang.Object, long)'> (0x00000000d6661f40) 
thrown [s\src\hotspot\share\interpreter\linkResolver.cpp, line 773]
Event: 5.393 Thread 0x00000188fec75740 Exception <a 'java/lang/NoSuchMethodError'{0x00000000d6666558}: 'java.lang.Object java.lang.invoke.DirectMethodHandle$Holder.invokeSpecial(java.lang.Object, java.lang.Object, java.lang.Object, java.lang.Object, long)'> (0x00000000d6666558) 
thrown [s\src\hotspot\share\interpreter\linkResolver.cpp, line 773]
Event: 5.393 Thread 0x00000188fec75740 Exception <a 'java/lang/NoSuchMethodError'{0x00000000d666a178}: 'java.lang.Object java.lang.invoke.Invokers$Holder.linkToTargetMethod(java.lang.Object, java.lang.Object, long, java.lang.Object)'> (0x00000000d666a178) 
thrown [s\src\hotspot\share\interpreter\linkResolver.cpp, line 773]
Event: 5.420 Thread 0x00000188fec75740 Exception <a 'java/lang/NoSuchMethodError'{0x00000000d66c2618}: 'int java.lang.invoke.DirectMethodHandle$Holder.invokeStaticInit(java.lang.Object, java.lang.Object, java.lang.Object)'> (0x00000000d66c2618) 
thrown [s\src\hotspot\share\interpreter\linkResolver.cpp, line 773]
Event: 5.438 Thread 0x00000188fec75740 Exception <a 'java/lang/IncompatibleClassChangeError'{0x00000000d676ad18}: Found class java.lang.Object, but interface was expected> (0x00000000d676ad18) 
thrown [s\src\hotspot\share\interpreter\linkResolver.cpp, line 840]
Event: 5.443 Thread 0x00000188fec75740 Exception <a 'java/lang/NoSuchMethodError'{0x00000000d677dbf0}: 'java.lang.Object java.lang.invoke.DirectMethodHandle$Holder.invokeSpecial(java.lang.Object, java.lang.Object, java.lang.Object, int, java.lang.Object, java.lang.Object)'> (0x00000000d677dbf0) 
thrown [s\src\hotspot\share\interpreter\linkResolver.cpp, line 773]
Event: 5.446 Thread 0x00000188fec75740 Exception <a 'java/lang/NoSuchMethodError'{0x00000000d67856c8}: 'java.lang.Object java.lang.invoke.DirectMethodHandle$Holder.newInvokeSpecial(java.lang.Object, java.lang.Object, java.lang.Object, int, java.lang.Object)'> (0x00000000d67856c8) 
thrown [s\src\hotspot\share\interpreter\linkResolver.cpp, line 773]
Event: 5.446 Thread 0x00000188fec75740 Exception <a 'java/lang/NoSuchMethodError'{0x00000000d6789648}: 'java.lang.Object java.lang.invoke.DirectMethodHandle$Holder.invokeSpecial(java.lang.Object, java.lang.Object, java.lang.Object, java.lang.Object, int, java.lang.Object)'> (0x00000000d6789648) 
thrown [s\src\hotspot\share\interpreter\linkResolver.cpp, line 773]
Event: 5.447 Thread 0x00000188fec75740 Exception <a 'java/lang/NoSuchMethodError'{0x00000000d678d188}: 'java.lang.Object java.lang.invoke.Invokers$Holder.linkToTargetMethod(java.lang.Object, java.lang.Object, int, java.lang.Object, java.lang.Object)'> (0x00000000d678d188) 
thrown [s\src\hotspot\share\interpreter\linkResolver.cpp, line 773]
Event: 5.448 Thread 0x00000188c517c520 Exception <a 'java/lang/NoSuchMethodError'{0x00000000d66e00f0}: 'java.lang.Object java.lang.invoke.DirectMethodHandle$Holder.invokeSpecial(java.lang.Object, java.lang.Object, int, java.lang.Object, java.lang.Object)'> (0x00000000d66e00f0) 
thrown [s\src\hotspot\share\interpreter\linkResolver.cpp, line 773]
Event: 5.451 Thread 0x00000188c517c520 Exception <a 'java/lang/NoSuchMethodError'{0x00000000d66e6e28}: 'java.lang.Object java.lang.invoke.DirectMethodHandle$Holder.newInvokeSpecial(java.lang.Object, java.lang.Object, int, java.lang.Object)'> (0x00000000d66e6e28) 
thrown [s\src\hotspot\share\interpreter\linkResolver.cpp, line 773]
Event: 5.452 Thread 0x00000188c517c520 Exception <a 'java/lang/NoSuchMethodError'{0x00000000d66ea708}: 'java.lang.Object java.lang.invoke.DirectMethodHandle$Holder.invokeSpecial(java.lang.Object, java.lang.Object, java.lang.Object, int, java.lang.Object)'> (0x00000000d66ea708) 
thrown [s\src\hotspot\share\interpreter\linkResolver.cpp, line 773]
Event: 5.475 Thread 0x00000188fec75740 Exception <a 'java/lang/NoSuchMethodError'{0x00000000d68af208}: 'void java.lang.invoke.DirectMethodHandle$Holder.invokeSpecial(java.lang.Object, java.lang.Object, java.lang.Object, java.lang.Object, java.lang.Object)'> (0x00000000d68af208) 
thrown [s\src\hotspot\share\interpreter\linkResolver.cpp, line 773]
Event: 5.545 Thread 0x00000188fec75740 Exception <a 'java/lang/NoSuchMethodError'{0x00000000d6b821c8}: 'double java.lang.invoke.DirectMethodHandle$Holder.invokeStatic(java.lang.Object, java.lang.Object)'> (0x00000000d6b821c8) 
thrown [s\src\hotspot\share\interpreter\linkResolver.cpp, line 773]
Event: 5.546 Thread 0x00000188fec75740 Exception <a 'java/lang/NoSuchMethodError'{0x00000000d6b85888}: 'double java.lang.invoke.DirectMethodHandle$Holder.invokeStaticInit(java.lang.Object, java.lang.Object)'> (0x00000000d6b85888) 
thrown [s\src\hotspot\share\interpreter\linkResolver.cpp, line 773]

ZGC Phase Switch (0 events):
No events

VM Operations (20 events):
Event: 3.276 Executing VM operation: HandshakeAllThreads (Deoptimize)
Event: 3.276 Executing VM operation: HandshakeAllThreads (Deoptimize) done
Event: 3.640 Executing VM operation: ParallelGCFailedAllocation (Allocation Failure)
Event: 3.649 Executing VM operation: ParallelGCFailedAllocation (Allocation Failure) done
Event: 4.006 Executing VM operation: HandshakeAllThreads (Deoptimize)
Event: 4.006 Executing VM operation: HandshakeAllThreads (Deoptimize) done
Event: 4.451 Executing VM operation: HandshakeAllThreads (Deoptimize)
Event: 4.451 Executing VM operation: HandshakeAllThreads (Deoptimize) done
Event: 4.736 Executing VM operation: ParallelGCFailedAllocation (Allocation Failure)
Event: 4.742 Executing VM operation: ParallelGCFailedAllocation (Allocation Failure) done
Event: 4.852 Executing VM operation: HandshakeAllThreads (Deoptimize)
Event: 4.852 Executing VM operation: HandshakeAllThreads (Deoptimize) done
Event: 4.860 Executing VM operation: HandshakeAllThreads (Deoptimize)
Event: 4.860 Executing VM operation: HandshakeAllThreads (Deoptimize) done
Event: 4.879 Executing VM operation: HandshakeAllThreads (Deoptimize)
Event: 4.879 Executing VM operation: HandshakeAllThreads (Deoptimize) done
Event: 5.265 Executing VM operation: HandshakeAllThreads (Deoptimize)
Event: 5.265 Executing VM operation: HandshakeAllThreads (Deoptimize) done
Event: 5.298 Executing VM operation: HandshakeAllThreads (Deoptimize)
Event: 5.298 Executing VM operation: HandshakeAllThreads (Deoptimize) done

Memory protections (0 events):
No events

Nmethod flushes (0 events):
No events

Events (20 events):
Event: 0.139 Thread 0x00000188e6d21b60 Thread added: 0x00000188fd70ba50
Event: 0.139 Thread 0x00000188e6d21b60 Thread added: 0x00000188fd70c7d0
Event: 0.152 Thread 0x00000188e6d21b60 Thread added: 0x00000188fd780f80
Event: 0.353 Thread 0x00000188e6d21b60 Thread added: 0x00000188fe4d2e90
Event: 0.833 Thread 0x00000188e6d21b60 Thread added: 0x00000188fe648780
Event: 1.072 Thread 0x00000188fd780f80 Thread added: 0x00000188fe78beb0
Event: 2.063 Thread 0x00000188fe78beb0 Thread exited: 0x00000188fe78beb0
Event: 2.294 Thread 0x00000188fd780f80 Thread added: 0x00000188fec15e20
Event: 3.047 Thread 0x00000188e6d21b60 Thread added: 0x00000188fec57ef0
Event: 3.283 Thread 0x00000188fec15e20 Thread exited: 0x00000188fec15e20
Event: 3.580 Thread 0x00000188e6d21b60 Thread added: 0x00000188fecb8560
Event: 3.586 Thread 0x00000188e6d21b60 Thread added: 0x00000188fec75740
Event: 3.981 Thread 0x00000188fec75740 Thread added: 0x00000188fecd1710
Event: 4.174 Thread 0x00000188fd780f80 Thread added: 0x00000188fec92990
Event: 4.528 Thread 0x00000188fec75740 Thread added: 0x00000188fef68090
Event: 4.823 Thread 0x00000188fec92990 Thread exited: 0x00000188fec92990
Event: 4.903 Thread 0x00000188fd780f80 Thread added: 0x00000188c53c9210
Event: 5.329 Thread 0x00000188fec75740 Thread added: 0x00000188c53c2830
Event: 5.412 Thread 0x00000188fec75740 Thread added: 0x00000188c517c520
Event: 5.449 Thread 0x00000188fec75740 Thread added: 0x00000188c51d2030


Dynamic libraries:
0x00007ff6538b0000 - 0x00007ff6538be000 	c:\Users\Admin\.vscode\extensions\redhat.java-1.51.0-win32-x64\jre\21.0.9-win32-x86_64\bin\java.exe
0x00007fff0cf70000 - 0x00007fff0d168000 	C:\Windows\SYSTEM32\ntdll.dll
0x00007fff0cc00000 - 0x00007fff0ccc2000 	C:\Windows\System32\KERNEL32.DLL
0x00007fff0a720000 - 0x00007fff0aa16000 	C:\Windows\System32\KERNELBASE.dll
0x00007fff0ae10000 - 0x00007fff0af10000 	C:\Windows\System32\ucrtbase.dll
0x00007fff06150000 - 0x00007fff06168000 	c:\Users\Admin\.vscode\extensions\redhat.java-1.51.0-win32-x64\jre\21.0.9-win32-x86_64\bin\jli.dll
0x00007fff0ccd0000 - 0x00007fff0ce71000 	C:\Windows\System32\USER32.dll
0x00007fff0ade0000 - 0x00007fff0ae02000 	C:\Windows\System32\win32u.dll
0x00007fff0b030000 - 0x00007fff0b05b000 	C:\Windows\System32\GDI32.dll
0x00007fff0acc0000 - 0x00007fff0add9000 	C:\Windows\System32\gdi32full.dll
0x00007fff0a630000 - 0x00007fff0a6cd000 	C:\Windows\System32\msvcp_win.dll
0x00007fff04ee0000 - 0x00007fff04efe000 	c:\Users\Admin\.vscode\extensions\redhat.java-1.51.0-win32-x64\jre\21.0.9-win32-x86_64\bin\VCRUNTIME140.dll
0x00007ffefa350000 - 0x00007ffefa5eb000 	C:\Windows\WinSxS\amd64_microsoft.windows.common-controls_6595b64144ccf1df_6.0.19041.6456_none_60b8a6cb71f64256\COMCTL32.dll
0x00007fff0af90000 - 0x00007fff0b02e000 	C:\Windows\System32\msvcrt.dll
0x00007fff0b8f0000 - 0x00007fff0b91f000 	C:\Windows\System32\IMM32.DLL
0x00007fff06240000 - 0x00007fff0624c000 	c:\Users\Admin\.vscode\extensions\redhat.java-1.51.0-win32-x64\jre\21.0.9-win32-x86_64\bin\vcruntime140_1.dll
0x00007ffede100000 - 0x00007ffede18d000 	c:\Users\Admin\.vscode\extensions\redhat.java-1.51.0-win32-x64\jre\21.0.9-win32-x86_64\bin\msvcp140.dll
0x00007ffeaea40000 - 0x00007ffeaf7e0000 	c:\Users\Admin\.vscode\extensions\redhat.java-1.51.0-win32-x64\jre\21.0.9-win32-x86_64\bin\server\jvm.dll
0x00007fff0cb40000 - 0x00007fff0cbf1000 	C:\Windows\System32\ADVAPI32.dll
0x00007fff0ca30000 - 0x00007fff0cacf000 	C:\Windows\System32\sechost.dll
0x00007fff0b4e0000 - 0x00007fff0b600000 	C:\Windows\System32\RPCRT4.dll
0x00007fff0a600000 - 0x00007fff0a627000 	C:\Windows\System32\bcrypt.dll
0x00007fff0cad0000 - 0x00007fff0cb3b000 	C:\Windows\System32\WS2_32.dll
0x00007fff09b50000 - 0x00007fff09b9b000 	C:\Windows\SYSTEM32\POWRPROF.dll
0x00007ffefa7d0000 - 0x00007ffefa7f7000 	C:\Windows\SYSTEM32\WINMM.dll
0x00007ffefa860000 - 0x00007ffefa86a000 	C:\Windows\SYSTEM32\VERSION.dll
0x00007fff099c0000 - 0x00007fff099d2000 	C:\Windows\SYSTEM32\UMPDC.dll
0x00007fff08dd0000 - 0x00007fff08de2000 	C:\Windows\SYSTEM32\kernel.appcore.dll
0x00007fff06140000 - 0x00007fff0614a000 	c:\Users\Admin\.vscode\extensions\redhat.java-1.51.0-win32-x64\jre\21.0.9-win32-x86_64\bin\jimage.dll
0x00007fff083e0000 - 0x00007fff085e1000 	C:\Windows\SYSTEM32\DBGHELP.DLL
0x00007ffee4d80000 - 0x00007ffee4db4000 	C:\Windows\SYSTEM32\dbgcore.DLL
0x00007fff0aad0000 - 0x00007fff0ab52000 	C:\Windows\System32\bcryptPrimitives.dll
0x00007fff039c0000 - 0x00007fff039cf000 	c:\Users\Admin\.vscode\extensions\redhat.java-1.51.0-win32-x64\jre\21.0.9-win32-x86_64\bin\instrument.dll
0x00007fff036d0000 - 0x00007fff036f0000 	c:\Users\Admin\.vscode\extensions\redhat.java-1.51.0-win32-x64\jre\21.0.9-win32-x86_64\bin\java.dll
0x00007fff0ba70000 - 0x00007fff0c1e0000 	C:\Windows\System32\SHELL32.dll
0x00007fff085f0000 - 0x00007fff08d95000 	C:\Windows\SYSTEM32\windows.storage.dll
0x00007fff0b060000 - 0x00007fff0b3b4000 	C:\Windows\System32\combase.dll
0x00007fff09f50000 - 0x00007fff09f7b000 	C:\Windows\SYSTEM32\Wldp.dll
0x00007fff0c960000 - 0x00007fff0ca2d000 	C:\Windows\System32\OLEAUT32.dll
0x00007fff0ce80000 - 0x00007fff0cf2d000 	C:\Windows\System32\SHCORE.dll
0x00007fff0c900000 - 0x00007fff0c95b000 	C:\Windows\System32\shlwapi.dll
0x00007fff0a530000 - 0x00007fff0a554000 	C:\Windows\SYSTEM32\profapi.dll
0x00007fff02a30000 - 0x00007fff02a48000 	c:\Users\Admin\.vscode\extensions\redhat.java-1.51.0-win32-x64\jre\21.0.9-win32-x86_64\bin\zip.dll
0x00007fff039b0000 - 0x00007fff039c0000 	C:\Users\Admin\.vscode\extensions\redhat.java-1.51.0-win32-x64\jre\21.0.9-win32-x86_64\bin\net.dll
0x00007fff03740000 - 0x00007fff0384a000 	C:\Windows\SYSTEM32\WINHTTP.dll
0x00007fff09d30000 - 0x00007fff09d9a000 	C:\Windows\system32\mswsock.dll
0x00007fff01bc0000 - 0x00007fff01bd6000 	C:\Users\Admin\.vscode\extensions\redhat.java-1.51.0-win32-x64\jre\21.0.9-win32-x86_64\bin\nio.dll
0x00007fff036c0000 - 0x00007fff036d0000 	c:\Users\Admin\.vscode\extensions\redhat.java-1.51.0-win32-x64\jre\21.0.9-win32-x86_64\bin\verify.dll
0x00007ffeeaed0000 - 0x00007ffeeaf14000 	C:\Users\Admin\AppData\Roaming\Code\User\globalStorage\redhat.java\1.51.0\config_ss_win\org.eclipse.equinox.launcher\org.eclipse.equinox.launcher.win32.win32.x86_64_1.2.1400.v20250801-0854\eclipse_11916.dll
0x00007fff0c740000 - 0x00007fff0c86b000 	C:\Windows\System32\ole32.dll
0x00007fff09f90000 - 0x00007fff09fa8000 	C:\Windows\SYSTEM32\CRYPTSP.dll
0x00007fff09600000 - 0x00007fff09638000 	C:\Windows\system32\rsaenh.dll
0x00007fff0a4b0000 - 0x00007fff0a4de000 	C:\Windows\SYSTEM32\USERENV.dll
0x00007fff09ec0000 - 0x00007fff09ecc000 	C:\Windows\SYSTEM32\CRYPTBASE.dll
0x00007fff099e0000 - 0x00007fff09a1b000 	C:\Windows\SYSTEM32\IPHLPAPI.DLL
0x00007fff0c650000 - 0x00007fff0c658000 	C:\Windows\System32\NSI.dll
0x00007ffee4180000 - 0x00007ffee41c9000 	C:\Users\Admin\AppData\Local\Temp\jna-63116079\jna10901583476321456844.dll
0x00007fff0c870000 - 0x00007fff0c878000 	C:\Windows\System32\PSAPI.DLL

JVMTI agents:
c:\Users\Admin\.vscode\extensions\redhat.java-1.51.0-win32-x64\lombok\lombok-1.18.39-4050.jar path:c:\Users\Admin\.vscode\extensions\redhat.java-1.51.0-win32-x64\jre\21.0.9-win32-x86_64\bin\instrument.dll, loaded, initialized, instrumentlib options:none

dbghelp: loaded successfully - version: 4.0.5 - missing functions: none
symbol engine: initialized successfully - sym options: 0x614 - pdb path: .;c:\Users\Admin\.vscode\extensions\redhat.java-1.51.0-win32-x64\jre\21.0.9-win32-x86_64\bin;C:\Windows\SYSTEM32;C:\Windows\WinSxS\amd64_microsoft.windows.common-controls_6595b64144ccf1df_6.0.19041.6456_none_60b8a6cb71f64256;c:\Users\Admin\.vscode\extensions\redhat.java-1.51.0-win32-x64\jre\21.0.9-win32-x86_64\bin\server;C:\Users\Admin\AppData\Roaming\Code\User\globalStorage\redhat.java\1.51.0\config_ss_win\org.eclipse.equinox.launcher\org.eclipse.equinox.launcher.win32.win32.x86_64_1.2.1400.v20250801-0854;C:\Users\Admin\AppData\Local\Temp\jna-63116079

VM Arguments:
jvm_args: --add-modules=ALL-SYSTEM --add-opens=java.base/java.util=ALL-UNNAMED --add-opens=java.base/java.lang=ALL-UNNAMED --add-opens=java.base/sun.nio.fs=ALL-UNNAMED -Declipse.application=org.eclipse.jdt.ls.core.id1 -Dosgi.bundles.defaultStartLevel=4 -Declipse.product=org.eclipse.jdt.ls.core.product -Djava.import.generatesMetadataFilesAtProjectRoot=false -DDetectVMInstallationsJob.disabled=true -Dfile.encoding=utf8 -XX:+UseParallelGC -XX:GCTimeRatio=4 -XX:AdaptiveSizePolicyWeight=90 -Dsun.zip.disableMemoryMapping=true -Xmx2G -Xms100m -Xlog:disable -javaagent:c:\Users\Admin\.vscode\extensions\redhat.java-1.51.0-win32-x64\lombok\lombok-1.18.39-4050.jar 
java_command: c:\Users\Admin\.vscode\extensions\redhat.java-1.51.0-win32-x64\server\plugins\org.eclipse.equinox.launcher_1.7.100.v20251111-0406.jar -configuration c:\Users\Admin\AppData\Roaming\Code\User\globalStorage\redhat.java\1.51.0\config_ss_win -data c:\Users\Admin\AppData\Roaming\Code\User\workspaceStorage\f005668bbace2906ffe21ad9569d2f6b\redhat.java\ss_ws --pipe=\\.\pipe\lsp-24cc68b831c947b3aa8ae7526551cb36-sock
java_class_path (initial): c:\Users\Admin\.vscode\extensions\redhat.java-1.51.0-win32-x64\server\plugins\org.eclipse.equinox.launcher_1.7.100.v20251111-0406.jar
Launcher Type: SUN_STANDARD

[Global flags]
    uintx AdaptiveSizePolicyWeight                 = 90                                        {product} {command line}
     intx CICompilerCount                          = 3                                         {product} {ergonomic}
    uintx GCTimeRatio                              = 4                                         {product} {command line}
   size_t InitialHeapSize                          = 104857600                                 {product} {command line}
   size_t MaxHeapSize                              = 2147483648                                {product} {command line}
   size_t MaxNewSize                               = 715653120                                 {product} {ergonomic}
   size_t MinHeapDeltaBytes                        = 524288                                    {product} {ergonomic}
   size_t MinHeapSize                              = 104857600                                 {product} {command line}
   size_t NewSize                                  = 34603008                                  {product} {ergonomic}
    uintx NonNMethodCodeHeapSize                   = 5832780                                {pd product} {ergonomic}
    uintx NonProfiledCodeHeapSize                  = 122912730                              {pd product} {ergonomic}
   size_t OldSize                                  = 70254592                                  {product} {ergonomic}
    uintx ProfiledCodeHeapSize                     = 122912730                              {pd product} {ergonomic}
    uintx ReservedCodeCacheSize                    = 251658240                              {pd product} {ergonomic}
     bool SegmentedCodeCache                       = true                                      {product} {ergonomic}
   size_t SoftMaxHeapSize                          = 2147483648                             {manageable} {ergonomic}
     bool UseCompressedOops                        = true                           {product lp64_product} {ergonomic}
     bool UseLargePagesIndividualAllocation        = false                                  {pd product} {ergonomic}
     bool UseParallelGC                            = true                                      {product} {command line}

Logging:
Log output configuration:
 #0: stdout all=off uptime,level,tags foldmultilines=false
 #1: stderr all=off uptime,level,tags foldmultilines=false

Release file:
JAVA_VERSION="21.0.9" 
MODULES="java.base java.compiler java.datatransfer java.xml java.prefs java.desktop java.instrument java.logging java.management java.security.sasl java.naming java.rmi java.management.rmi java.net.http java.scripting java.security.jgss java.transaction.xa java.sql java.sql.rowset java.xml.crypto java.se java.smartcardio jdk.accessibility jdk.internal.jvmstat jdk.attach jdk.charsets jdk.internal.opt jdk.zipfs jdk.compiler jdk.crypto.ec jdk.crypto.cryptoki jdk.crypto.mscapi jdk.dynalink jdk.internal.ed jdk.editpad jdk.hotspot.agent jdk.httpserver jdk.internal.le jdk.internal.vm.ci jdk.internal.vm.compiler jdk.internal.vm.compiler.management jdk.jartool jdk.javadoc jdk.jcmd jdk.management jdk.management.agent jdk.jconsole jdk.jdeps jdk.jdwp.agent jdk.jdi jdk.jfr jdk.jshell jdk.jsobject jdk.jstatd jdk.localedata jdk.management.jfr jdk.naming.dns jdk.naming.rmi jdk.net jdk.nio.mapmode jdk.random jdk.sctp jdk.security.auth jdk.security.jgss jdk.unsupported jdk.unsupported.desktop jdk.xml.dom" 

Environment Variables:
PATH=C:\Python313\Scripts\;C:\Python313\;C:\Program Files (x86)\Common Files\Oracle\Java\javapath;C:\Windows\system32;C:\Windows;C:\Windows\System32\Wbem;C:\Windows\System32\WindowsPowerShell\v1.0\;C:\Windows\System32\OpenSSH\;C:\Program Files\Microsoft SQL Server\150\Tools\Binn\;C:\Program Files (x86)\Microsoft SQL Server\160\Tools\Binn\;C:\Program Files\Microsoft SQL Server\160\Tools\Binn\;C:\Program Files\Microsoft SQL Server\Client SDK\ODBC\170\Tools\Binn\;C:\Program Files\Microsoft SQL Server\160\DTS\Binn\;C:\Program Files (x86)\Microsoft SQL Server\160\DTS\Binn\;C:\laragon\bin\php\php-8.1.10-Win32-vs16-x64;D:\composer;D:\xampp\xampp\php;C:\ProgramData\chocolatey\bin;D:\js2\Git\cmd;C:\Users\Admin\AppData\Roaming\npm;C:\Program Files\Docker\Docker\resources\bin;D:\file cd\Sdk;%JAVA_HOME%\bin;D:\filecddd\bin;C:\Program Files\dotnet\;D:\setup-tools\;%MAVEN_HOME%\bin;C:\Users\Admin\AppData\Local\Microsoft\WindowsApps;C:\Users\Admin\Documents\flutter\bin;C:\Users\Admin\AppData\Roaming\Composer\vendor\bin;C:\Users\Admin\.dotnet\tools;C:\Users\Admin\AppData\Roaming\npm;D:\visuaaaaaaaaaaaa\Microsoft VS Code\bin
USERNAME=Admin
OS=Windows_NT
PROCESSOR_IDENTIFIER=Intel64 Family 6 Model 142 Stepping 9, GenuineIntel
TMP=C:\Users\Admin\AppData\Local\Temp
TEMP=C:\Users\Admin\AppData\Local\Temp




Periodic native trim disabled

---------------  S Y S T E M  ---------------

OS:
 Windows 10 , 64 bit Build 19041 (10.0.19041.5915)
OS uptime: 0 days 1:31 hours
Hyper-V role detected

CPU: total 4 (initial active 4) (2 cores per cpu, 2 threads per core) family 6 model 142 stepping 9 microcode 0xca, cx8, cmov, fxsr, ht, mmx, 3dnowpref, sse, sse2, sse3, ssse3, sse4.1, sse4.2, popcnt, lzcnt, tsc, tscinvbit, avx, avx2, aes, erms, clmul, bmi1, bmi2, rtm, adx, fma, vzeroupper, clflush, clflushopt, hv, rdtscp, f16c
Processor Information for the first 4 processors :
  Max Mhz: 2712, Current Mhz: 2611, Mhz Limit: 2603

Memory: 4k page, system-wide physical 8067M (1071M free)
TotalPageFile size 14987M (AvailPageFile size 1M)
current process WorkingSet (physical memory assigned to process): 118M, peak: 118M
current process commit charge ("private bytes"): 248M, peak: 249M

vm_info: OpenJDK 64-Bit Server VM (21.0.9+10-LTS) for windows-amd64 JRE (21.0.9+10-LTS), built on 2025-10-21T00:00:00Z by "admin" with unknown MS VC++:1942

END.
